<?xml version="1.0" encoding="UTF-8"?>
<!-- Generated by org.testng.reporters.JUnitXMLReporter -->
<testsuite ignored="4" hostname="D-L18-G" failures="0" tests="1" name="Default test" time="8.331" errors="0" timestamp="2024-08-13T10:57:18 IST">
  <testcase classname="webElement.TextBox" name="withPlaceHolder" time="8.205"/>
  <testcase classname="webElement.TextBox" name="withoutPlaceHolder" time="0.0">
    <ignored/>
  </testcase> <!-- withoutPlaceHolder -->
  <testcase classname="webElement.TextBox" name="disabled" time="0.0">
    <ignored/>
  </testcase> <!-- disabled -->
  <testcase classname="webElement.TextBox" name="withToolTip" time="0.0">
    <ignored/>
  </testcase> <!-- withToolTip -->
  <testcase classname="webElement.TextBox" name="multilineTextArea" time="0.0">
    <ignored/>
  </testcase> <!-- multilineTextArea -->
</testsuite> <!-- Default test -->
